CRITICAL - 2024-09-20 07:44:39 --> syntax error, unexpected token ";"
in APPPATH/Controllers/Controleur.php on line 20.
 1 SYSTEMPATH/Autoloader/Autoloader.php(285): CodeIgniter\Autoloader\Autoloader->includeFile()
 2 SYSTEMPATH/Autoloader/Autoloader.php(263): CodeIgniter\Autoloader\Autoloader->loadInNamespace()
 3 [internal function]: CodeIgniter\Autoloader\Autoloader->loadClass()
 4 SYSTEMPATH/CodeIgniter.php(873): class_exists()
 5 SYSTEMPATH/CodeIgniter.php(479): CodeIgniter\CodeIgniter->startController()
 6 SYSTEMPATH/CodeIgniter.php(353): CodeIgniter\CodeIgniter->handleRequest()
 7 FCPATH/index.php(79): CodeIgniter\CodeIgniter->run()
CRITICAL - 2024-09-20 07:45:39 --> syntax error, unexpected token ";"
in APPPATH/Controllers/Controleur.php on line 20.
 1 SYSTEMPATH/Autoloader/Autoloader.php(285): CodeIgniter\Autoloader\Autoloader->includeFile()
 2 SYSTEMPATH/Autoloader/Autoloader.php(263): CodeIgniter\Autoloader\Autoloader->loadInNamespace()
 3 [internal function]: CodeIgniter\Autoloader\Autoloader->loadClass()
 4 SYSTEMPATH/CodeIgniter.php(873): class_exists()
 5 SYSTEMPATH/CodeIgniter.php(479): CodeIgniter\CodeIgniter->startController()
 6 SYSTEMPATH/CodeIgniter.php(353): CodeIgniter\CodeIgniter->handleRequest()
 7 FCPATH/index.php(79): CodeIgniter\CodeIgniter->run()
CRITICAL - 2024-09-20 08:52:00 --> Class "App\Views\connexion" not found
in APPPATH/Controllers/Controleur.php on line 71.
 1 APPPATH/Controllers/Controleur.php(32): App\Controllers\Controleur->accueil()
 2 SYSTEMPATH/CodeIgniter.php(915): App\Controllers\Controleur->index()
 3 SYSTEMPATH/CodeIgniter.php(492): CodeIgniter\CodeIgniter->runController()
 4 SYSTEMPATH/CodeIgniter.php(353): CodeIgniter\CodeIgniter->handleRequest()
 5 FCPATH/index.php(79): CodeIgniter\CodeIgniter->run()
CRITICAL - 2024-09-20 08:53:16 --> Class "App\Views\Connexion" not found
in APPPATH/Controllers/Controleur.php on line 71.
 1 APPPATH/Controllers/Controleur.php(32): App\Controllers\Controleur->accueil()
 2 SYSTEMPATH/CodeIgniter.php(915): App\Controllers\Controleur->index()
 3 SYSTEMPATH/CodeIgniter.php(492): CodeIgniter\CodeIgniter->runController()
 4 SYSTEMPATH/CodeIgniter.php(353): CodeIgniter\CodeIgniter->handleRequest()
 5 FCPATH/index.php(79): CodeIgniter\CodeIgniter->run()
CRITICAL - 2024-09-20 09:04:48 --> Class "App\Views\Connexion" not found
in APPPATH/Controllers/Controleur.php on line 71.
 1 APPPATH/Controllers/Controleur.php(32): App\Controllers\Controleur->accueil()
 2 SYSTEMPATH/CodeIgniter.php(915): App\Controllers\Controleur->index()
 3 SYSTEMPATH/CodeIgniter.php(492): CodeIgniter\CodeIgniter->runController()
 4 SYSTEMPATH/CodeIgniter.php(353): CodeIgniter\CodeIgniter->handleRequest()
 5 FCPATH/index.php(79): CodeIgniter\CodeIgniter->run()
CRITICAL - 2024-09-20 09:06:41 --> Invalid file: "/app/Views/connexion.php"
in SYSTEMPATH/Exceptions/FrameworkException.php on line 39.
 1 SYSTEMPATH/View/View.php(214): CodeIgniter\Exceptions\FrameworkException::forInvalidFile()
 2 SYSTEMPATH/Common.php(1178): CodeIgniter\View\View->render()
 3 APPPATH/Controllers/Controleur.php(72): view()
 4 APPPATH/Controllers/Controleur.php(32): App\Controllers\Controleur->accueil()
 5 SYSTEMPATH/CodeIgniter.php(915): App\Controllers\Controleur->index()
 6 SYSTEMPATH/CodeIgniter.php(492): CodeIgniter\CodeIgniter->runController()
 7 SYSTEMPATH/CodeIgniter.php(353): CodeIgniter\CodeIgniter->handleRequest()
 8 FCPATH/index.php(79): CodeIgniter\CodeIgniter->run()
CRITICAL - 2024-09-20 09:06:46 --> Invalid file: "/app/Views/connexion.php"
in SYSTEMPATH/Exceptions/FrameworkException.php on line 39.
 1 SYSTEMPATH/View/View.php(214): CodeIgniter\Exceptions\FrameworkException::forInvalidFile()
 2 SYSTEMPATH/Common.php(1178): CodeIgniter\View\View->render()
 3 APPPATH/Controllers/Controleur.php(72): view()
 4 APPPATH/Controllers/Controleur.php(32): App\Controllers\Controleur->accueil()
 5 SYSTEMPATH/CodeIgniter.php(915): App\Controllers\Controleur->index()
 6 SYSTEMPATH/CodeIgniter.php(492): CodeIgniter\CodeIgniter->runController()
 7 SYSTEMPATH/CodeIgniter.php(353): CodeIgniter\CodeIgniter->handleRequest()
 8 FCPATH/index.php(79): CodeIgniter\CodeIgniter->run()
CRITICAL - 2024-09-20 09:13:11 --> Call to undefined function App\Controllers\Views()
in APPPATH/Controllers/Controleur.php on line 72.
 1 APPPATH/Controllers/Controleur.php(32): App\Controllers\Controleur->accueil()
 2 SYSTEMPATH/CodeIgniter.php(915): App\Controllers\Controleur->index()
 3 SYSTEMPATH/CodeIgniter.php(492): CodeIgniter\CodeIgniter->runController()
 4 SYSTEMPATH/CodeIgniter.php(353): CodeIgniter\CodeIgniter->handleRequest()
 5 FCPATH/index.php(79): CodeIgniter\CodeIgniter->run()
CRITICAL - 2024-09-20 10:26:03 --> Call to undefined method App\Controllers\Controleur::accueil()
in APPPATH/Controllers/Controleur.php on line 32.
 1 SYSTEMPATH/CodeIgniter.php(915): App\Controllers\Controleur->index()
 2 SYSTEMPATH/CodeIgniter.php(492): CodeIgniter\CodeIgniter->runController()
 3 SYSTEMPATH/CodeIgniter.php(353): CodeIgniter\CodeIgniter->handleRequest()
 4 FCPATH/index.php(79): CodeIgniter\CodeIgniter->run()
CRITICAL - 2024-09-20 10:26:57 --> Invalid file: "Connexion2.php"
in SYSTEMPATH/Exceptions/FrameworkException.php on line 39.
 1 SYSTEMPATH/View/View.php(214): CodeIgniter\Exceptions\FrameworkException::forInvalidFile()
 2 SYSTEMPATH/Common.php(1178): CodeIgniter\View\View->render()
 3 APPPATH/Controllers/Controleur.php(72): view()
 4 APPPATH/Controllers/Controleur.php(32): App\Controllers\Controleur->accueil()
 5 SYSTEMPATH/CodeIgniter.php(915): App\Controllers\Controleur->index()
 6 SYSTEMPATH/CodeIgniter.php(492): CodeIgniter\CodeIgniter->runController()
 7 SYSTEMPATH/CodeIgniter.php(353): CodeIgniter\CodeIgniter->handleRequest()
 8 FCPATH/index.php(79): CodeIgniter\CodeIgniter->run()
CRITICAL - 2024-09-20 15:39:18 --> Undefined array key "login"
in APPPATH/Controllers/Controleur.php on line 42.
 1 APPPATH/Controllers/Controleur.php(42): CodeIgniter\Debug\Exceptions->errorHandler()
 2 APPPATH/Controllers/Controleur.php(20): App\Controllers\Controleur->motdp()
 3 SYSTEMPATH/CodeIgniter.php(915): App\Controllers\Controleur->index()
 4 SYSTEMPATH/CodeIgniter.php(492): CodeIgniter\CodeIgniter->runController()
 5 SYSTEMPATH/CodeIgniter.php(353): CodeIgniter\CodeIgniter->handleRequest()
 6 FCPATH/index.php(79): CodeIgniter\CodeIgniter->run()
CRITICAL - 2024-09-20 20:58:26 --> syntax error, unexpected token "[", expecting ")"
in APPPATH/Controllers/Controleur.php on line 44.
 1 SYSTEMPATH/Autoloader/Autoloader.php(285): CodeIgniter\Autoloader\Autoloader->includeFile()
 2 SYSTEMPATH/Autoloader/Autoloader.php(263): CodeIgniter\Autoloader\Autoloader->loadInNamespace()
 3 [internal function]: CodeIgniter\Autoloader\Autoloader->loadClass()
 4 SYSTEMPATH/CodeIgniter.php(873): class_exists()
 5 SYSTEMPATH/CodeIgniter.php(479): CodeIgniter\CodeIgniter->startController()
 6 SYSTEMPATH/CodeIgniter.php(353): CodeIgniter\CodeIgniter->handleRequest()
 7 FCPATH/index.php(79): CodeIgniter\CodeIgniter->run()
CRITICAL - 2024-09-20 20:59:07 --> syntax error, unexpected token "[", expecting ")"
in APPPATH/Controllers/Controleur.php on line 44.
 1 SYSTEMPATH/Autoloader/Autoloader.php(285): CodeIgniter\Autoloader\Autoloader->includeFile()
 2 SYSTEMPATH/Autoloader/Autoloader.php(263): CodeIgniter\Autoloader\Autoloader->loadInNamespace()
 3 [internal function]: CodeIgniter\Autoloader\Autoloader->loadClass()
 4 SYSTEMPATH/CodeIgniter.php(873): class_exists()
 5 SYSTEMPATH/CodeIgniter.php(479): CodeIgniter\CodeIgniter->startController()
 6 SYSTEMPATH/CodeIgniter.php(353): CodeIgniter\CodeIgniter->handleRequest()
 7 FCPATH/index.php(79): CodeIgniter\CodeIgniter->run()
CRITICAL - 2024-09-20 21:00:12 --> syntax error, unexpected token "[", expecting ")"
in APPPATH/Controllers/Controleur.php on line 44.
 1 SYSTEMPATH/Autoloader/Autoloader.php(285): CodeIgniter\Autoloader\Autoloader->includeFile()
 2 SYSTEMPATH/Autoloader/Autoloader.php(263): CodeIgniter\Autoloader\Autoloader->loadInNamespace()
 3 [internal function]: CodeIgniter\Autoloader\Autoloader->loadClass()
 4 SYSTEMPATH/CodeIgniter.php(873): class_exists()
 5 SYSTEMPATH/CodeIgniter.php(479): CodeIgniter\CodeIgniter->startController()
 6 SYSTEMPATH/CodeIgniter.php(353): CodeIgniter\CodeIgniter->handleRequest()
 7 FCPATH/index.php(79): CodeIgniter\CodeIgniter->run()
