ERROR - 2024-09-12 12:31:20 --> mysqli_sql_exception: La table 'gsbv2.t_billet' n'existe pas in C:\wamp64\www\codeigniter4-v4.4.0\system\Database\MySQLi\Connection.php:306
Stack trace:
#0 C:\wamp64\www\codeigniter4-v4.4.0\system\Database\MySQLi\Connection.php(306): mysqli->query('select BIL_ID, ...', 0)
#1 C:\wamp64\www\codeigniter4-v4.4.0\system\Database\BaseConnection.php(692): CodeIgniter\Database\MySQLi\Connection->execute('select BIL_ID, ...')
#2 C:\wamp64\www\codeigniter4-v4.4.0\system\Database\BaseConnection.php(606): CodeIgniter\Database\BaseConnection->simpleQuery('select BIL_ID, ...')
#3 C:\wamp64\www\codeigniter4-v4.4.0\app\Models\Modele.php(64): CodeIgniter\Database\BaseConnection->query('select BIL_ID, ...')
#4 C:\wamp64\www\codeigniter4-v4.4.0\app\Controllers\Controleur.php(56): App\Models\Modele->getBillets()
#5 C:\wamp64\www\codeigniter4-v4.4.0\app\Controllers\Controleur.php(33): App\Controllers\Controleur->accueil()
#6 C:\wamp64\www\codeigniter4-v4.4.0\system\CodeIgniter.php(915): App\Controllers\Controleur->index()
#7 C:\wamp64\www\codeigniter4-v4.4.0\system\CodeIgniter.php(492): CodeIgniter\CodeIgniter->runController(Object(App\Controllers\Controleur))
#8 C:\wamp64\www\codeigniter4-v4.4.0\system\CodeIgniter.php(353): CodeIgniter\CodeIgniter->handleRequest(NULL, Object(Config\Cache), false)
#9 C:\wamp64\www\codeigniter4-v4.4.0\public\index.php(79): CodeIgniter\CodeIgniter->run()
#10 {main}
CRITICAL - 2024-09-12 12:31:20 --> La table 'gsbv2.t_billet' n'existe pas
in SYSTEMPATH\Database\BaseConnection.php on line 646.
 1 APPPATH\Models\Modele.php(64): CodeIgniter\Database\BaseConnection->query('select BIL_ID, BIL_TITRE, BIL_DATE from T_BILLET order by BIL_ID desc')
 2 APPPATH\Controllers\Controleur.php(56): App\Models\Modele->getBillets()
 3 APPPATH\Controllers\Controleur.php(33): App\Controllers\Controleur->accueil()
 4 SYSTEMPATH\CodeIgniter.php(915): App\Controllers\Controleur->index()
 5 SYSTEMPATH\CodeIgniter.php(492): CodeIgniter\CodeIgniter->runController(Object(App\Controllers\Controleur))
 6 SYSTEMPATH\CodeIgniter.php(353): CodeIgniter\CodeIgniter->handleRequest(null, Object(Config\Cache), false)
 7 FCPATH\index.php(79): CodeIgniter\CodeIgniter->run()
ERROR - 2024-09-12 12:39:05 --> mysqli_sql_exception: La table 'gsbv2.t_billet' n'existe pas in C:\wamp64\www\codeigniter4-v4.4.0\system\Database\MySQLi\Connection.php:306
Stack trace:
#0 C:\wamp64\www\codeigniter4-v4.4.0\system\Database\MySQLi\Connection.php(306): mysqli->query('select BIL_ID, ...', 0)
#1 C:\wamp64\www\codeigniter4-v4.4.0\system\Database\BaseConnection.php(692): CodeIgniter\Database\MySQLi\Connection->execute('select BIL_ID, ...')
#2 C:\wamp64\www\codeigniter4-v4.4.0\system\Database\BaseConnection.php(606): CodeIgniter\Database\BaseConnection->simpleQuery('select BIL_ID, ...')
#3 C:\wamp64\www\codeigniter4-v4.4.0\app\Models\Modele.php(64): CodeIgniter\Database\BaseConnection->query('select BIL_ID, ...')
#4 C:\wamp64\www\codeigniter4-v4.4.0\app\Controllers\Controleur.php(56): App\Models\Modele->getBillets()
#5 C:\wamp64\www\codeigniter4-v4.4.0\app\Controllers\Controleur.php(33): App\Controllers\Controleur->accueil()
#6 C:\wamp64\www\codeigniter4-v4.4.0\system\CodeIgniter.php(915): App\Controllers\Controleur->index()
#7 C:\wamp64\www\codeigniter4-v4.4.0\system\CodeIgniter.php(492): CodeIgniter\CodeIgniter->runController(Object(App\Controllers\Controleur))
#8 C:\wamp64\www\codeigniter4-v4.4.0\system\CodeIgniter.php(353): CodeIgniter\CodeIgniter->handleRequest(NULL, Object(Config\Cache), false)
#9 C:\wamp64\www\codeigniter4-v4.4.0\public\index.php(79): CodeIgniter\CodeIgniter->run()
#10 {main}
CRITICAL - 2024-09-12 12:39:05 --> La table 'gsbv2.t_billet' n'existe pas
in SYSTEMPATH\Database\BaseConnection.php on line 646.
 1 APPPATH\Models\Modele.php(64): CodeIgniter\Database\BaseConnection->query('select BIL_ID, BIL_TITRE, BIL_DATE from T_BILLET order by BIL_ID desc')
 2 APPPATH\Controllers\Controleur.php(56): App\Models\Modele->getBillets()
 3 APPPATH\Controllers\Controleur.php(33): App\Controllers\Controleur->accueil()
 4 SYSTEMPATH\CodeIgniter.php(915): App\Controllers\Controleur->index()
 5 SYSTEMPATH\CodeIgniter.php(492): CodeIgniter\CodeIgniter->runController(Object(App\Controllers\Controleur))
 6 SYSTEMPATH\CodeIgniter.php(353): CodeIgniter\CodeIgniter->handleRequest(null, Object(Config\Cache), false)
 7 FCPATH\index.php(79): CodeIgniter\CodeIgniter->run()
ERROR - 2024-09-12 12:39:06 --> mysqli_sql_exception: La table 'gsbv2.t_billet' n'existe pas in C:\wamp64\www\codeigniter4-v4.4.0\system\Database\MySQLi\Connection.php:306
Stack trace:
#0 C:\wamp64\www\codeigniter4-v4.4.0\system\Database\MySQLi\Connection.php(306): mysqli->query('select BIL_ID, ...', 0)
#1 C:\wamp64\www\codeigniter4-v4.4.0\system\Database\BaseConnection.php(692): CodeIgniter\Database\MySQLi\Connection->execute('select BIL_ID, ...')
#2 C:\wamp64\www\codeigniter4-v4.4.0\system\Database\BaseConnection.php(606): CodeIgniter\Database\BaseConnection->simpleQuery('select BIL_ID, ...')
#3 C:\wamp64\www\codeigniter4-v4.4.0\app\Models\Modele.php(64): CodeIgniter\Database\BaseConnection->query('select BIL_ID, ...')
#4 C:\wamp64\www\codeigniter4-v4.4.0\app\Controllers\Controleur.php(56): App\Models\Modele->getBillets()
#5 C:\wamp64\www\codeigniter4-v4.4.0\app\Controllers\Controleur.php(33): App\Controllers\Controleur->accueil()
#6 C:\wamp64\www\codeigniter4-v4.4.0\system\CodeIgniter.php(915): App\Controllers\Controleur->index()
#7 C:\wamp64\www\codeigniter4-v4.4.0\system\CodeIgniter.php(492): CodeIgniter\CodeIgniter->runController(Object(App\Controllers\Controleur))
#8 C:\wamp64\www\codeigniter4-v4.4.0\system\CodeIgniter.php(353): CodeIgniter\CodeIgniter->handleRequest(NULL, Object(Config\Cache), false)
#9 C:\wamp64\www\codeigniter4-v4.4.0\public\index.php(79): CodeIgniter\CodeIgniter->run()
#10 {main}
CRITICAL - 2024-09-12 12:39:06 --> La table 'gsbv2.t_billet' n'existe pas
in SYSTEMPATH\Database\BaseConnection.php on line 646.
 1 APPPATH\Models\Modele.php(64): CodeIgniter\Database\BaseConnection->query('select BIL_ID, BIL_TITRE, BIL_DATE from T_BILLET order by BIL_ID desc')
 2 APPPATH\Controllers\Controleur.php(56): App\Models\Modele->getBillets()
 3 APPPATH\Controllers\Controleur.php(33): App\Controllers\Controleur->accueil()
 4 SYSTEMPATH\CodeIgniter.php(915): App\Controllers\Controleur->index()
 5 SYSTEMPATH\CodeIgniter.php(492): CodeIgniter\CodeIgniter->runController(Object(App\Controllers\Controleur))
 6 SYSTEMPATH\CodeIgniter.php(353): CodeIgniter\CodeIgniter->handleRequest(null, Object(Config\Cache), false)
 7 FCPATH\index.php(79): CodeIgniter\CodeIgniter->run()
ERROR - 2024-09-12 12:39:07 --> mysqli_sql_exception: La table 'gsbv2.t_billet' n'existe pas in C:\wamp64\www\codeigniter4-v4.4.0\system\Database\MySQLi\Connection.php:306
Stack trace:
#0 C:\wamp64\www\codeigniter4-v4.4.0\system\Database\MySQLi\Connection.php(306): mysqli->query('select BIL_ID, ...', 0)
#1 C:\wamp64\www\codeigniter4-v4.4.0\system\Database\BaseConnection.php(692): CodeIgniter\Database\MySQLi\Connection->execute('select BIL_ID, ...')
#2 C:\wamp64\www\codeigniter4-v4.4.0\system\Database\BaseConnection.php(606): CodeIgniter\Database\BaseConnection->simpleQuery('select BIL_ID, ...')
#3 C:\wamp64\www\codeigniter4-v4.4.0\app\Models\Modele.php(64): CodeIgniter\Database\BaseConnection->query('select BIL_ID, ...')
#4 C:\wamp64\www\codeigniter4-v4.4.0\app\Controllers\Controleur.php(56): App\Models\Modele->getBillets()
#5 C:\wamp64\www\codeigniter4-v4.4.0\app\Controllers\Controleur.php(33): App\Controllers\Controleur->accueil()
#6 C:\wamp64\www\codeigniter4-v4.4.0\system\CodeIgniter.php(915): App\Controllers\Controleur->index()
#7 C:\wamp64\www\codeigniter4-v4.4.0\system\CodeIgniter.php(492): CodeIgniter\CodeIgniter->runController(Object(App\Controllers\Controleur))
#8 C:\wamp64\www\codeigniter4-v4.4.0\system\CodeIgniter.php(353): CodeIgniter\CodeIgniter->handleRequest(NULL, Object(Config\Cache), false)
#9 C:\wamp64\www\codeigniter4-v4.4.0\public\index.php(79): CodeIgniter\CodeIgniter->run()
#10 {main}
CRITICAL - 2024-09-12 12:39:07 --> La table 'gsbv2.t_billet' n'existe pas
in SYSTEMPATH\Database\BaseConnection.php on line 646.
 1 APPPATH\Models\Modele.php(64): CodeIgniter\Database\BaseConnection->query('select BIL_ID, BIL_TITRE, BIL_DATE from T_BILLET order by BIL_ID desc')
 2 APPPATH\Controllers\Controleur.php(56): App\Models\Modele->getBillets()
 3 APPPATH\Controllers\Controleur.php(33): App\Controllers\Controleur->accueil()
 4 SYSTEMPATH\CodeIgniter.php(915): App\Controllers\Controleur->index()
 5 SYSTEMPATH\CodeIgniter.php(492): CodeIgniter\CodeIgniter->runController(Object(App\Controllers\Controleur))
 6 SYSTEMPATH\CodeIgniter.php(353): CodeIgniter\CodeIgniter->handleRequest(null, Object(Config\Cache), false)
 7 FCPATH\index.php(79): CodeIgniter\CodeIgniter->run()
ERROR - 2024-09-12 12:39:12 --> mysqli_sql_exception: La table 'gsbv2.t_billet' n'existe pas in C:\wamp64\www\codeigniter4-v4.4.0\system\Database\MySQLi\Connection.php:306
Stack trace:
#0 C:\wamp64\www\codeigniter4-v4.4.0\system\Database\MySQLi\Connection.php(306): mysqli->query('select BIL_ID, ...', 0)
#1 C:\wamp64\www\codeigniter4-v4.4.0\system\Database\BaseConnection.php(692): CodeIgniter\Database\MySQLi\Connection->execute('select BIL_ID, ...')
#2 C:\wamp64\www\codeigniter4-v4.4.0\system\Database\BaseConnection.php(606): CodeIgniter\Database\BaseConnection->simpleQuery('select BIL_ID, ...')
#3 C:\wamp64\www\codeigniter4-v4.4.0\app\Models\Modele.php(64): CodeIgniter\Database\BaseConnection->query('select BIL_ID, ...')
#4 C:\wamp64\www\codeigniter4-v4.4.0\app\Controllers\Controleur.php(56): App\Models\Modele->getBillets()
#5 C:\wamp64\www\codeigniter4-v4.4.0\app\Controllers\Controleur.php(33): App\Controllers\Controleur->accueil()
#6 C:\wamp64\www\codeigniter4-v4.4.0\system\CodeIgniter.php(915): App\Controllers\Controleur->index()
#7 C:\wamp64\www\codeigniter4-v4.4.0\system\CodeIgniter.php(492): CodeIgniter\CodeIgniter->runController(Object(App\Controllers\Controleur))
#8 C:\wamp64\www\codeigniter4-v4.4.0\system\CodeIgniter.php(353): CodeIgniter\CodeIgniter->handleRequest(NULL, Object(Config\Cache), false)
#9 C:\wamp64\www\codeigniter4-v4.4.0\public\index.php(79): CodeIgniter\CodeIgniter->run()
#10 {main}
CRITICAL - 2024-09-12 12:39:12 --> La table 'gsbv2.t_billet' n'existe pas
in SYSTEMPATH\Database\BaseConnection.php on line 646.
 1 APPPATH\Models\Modele.php(64): CodeIgniter\Database\BaseConnection->query('select BIL_ID, BIL_TITRE, BIL_DATE from T_BILLET order by BIL_ID desc')
 2 APPPATH\Controllers\Controleur.php(56): App\Models\Modele->getBillets()
 3 APPPATH\Controllers\Controleur.php(33): App\Controllers\Controleur->accueil()
 4 SYSTEMPATH\CodeIgniter.php(915): App\Controllers\Controleur->index()
 5 SYSTEMPATH\CodeIgniter.php(492): CodeIgniter\CodeIgniter->runController(Object(App\Controllers\Controleur))
 6 SYSTEMPATH\CodeIgniter.php(353): CodeIgniter\CodeIgniter->handleRequest(null, Object(Config\Cache), false)
 7 FCPATH\index.php(79): CodeIgniter\CodeIgniter->run()
ERROR - 2024-09-12 12:41:30 --> mysqli_sql_exception: La table 'gsbv2.t_billet' n'existe pas in C:\wamp64\www\codeigniter4-v4.4.0\system\Database\MySQLi\Connection.php:306
Stack trace:
#0 C:\wamp64\www\codeigniter4-v4.4.0\system\Database\MySQLi\Connection.php(306): mysqli->query('select BIL_ID, ...', 0)
#1 C:\wamp64\www\codeigniter4-v4.4.0\system\Database\BaseConnection.php(692): CodeIgniter\Database\MySQLi\Connection->execute('select BIL_ID, ...')
#2 C:\wamp64\www\codeigniter4-v4.4.0\system\Database\BaseConnection.php(606): CodeIgniter\Database\BaseConnection->simpleQuery('select BIL_ID, ...')
#3 C:\wamp64\www\codeigniter4-v4.4.0\app\Models\Modele.php(64): CodeIgniter\Database\BaseConnection->query('select BIL_ID, ...')
#4 C:\wamp64\www\codeigniter4-v4.4.0\app\Controllers\Controleur.php(56): App\Models\Modele->getBillets()
#5 C:\wamp64\www\codeigniter4-v4.4.0\app\Controllers\Controleur.php(33): App\Controllers\Controleur->accueil()
#6 C:\wamp64\www\codeigniter4-v4.4.0\system\CodeIgniter.php(915): App\Controllers\Controleur->index()
#7 C:\wamp64\www\codeigniter4-v4.4.0\system\CodeIgniter.php(492): CodeIgniter\CodeIgniter->runController(Object(App\Controllers\Controleur))
#8 C:\wamp64\www\codeigniter4-v4.4.0\system\CodeIgniter.php(353): CodeIgniter\CodeIgniter->handleRequest(NULL, Object(Config\Cache), false)
#9 C:\wamp64\www\codeigniter4-v4.4.0\public\index.php(79): CodeIgniter\CodeIgniter->run()
#10 {main}
CRITICAL - 2024-09-12 12:41:30 --> La table 'gsbv2.t_billet' n'existe pas
in SYSTEMPATH\Database\BaseConnection.php on line 646.
 1 APPPATH\Models\Modele.php(64): CodeIgniter\Database\BaseConnection->query('select BIL_ID, BIL_TITRE, BIL_DATE from T_BILLET order by BIL_ID desc')
 2 APPPATH\Controllers\Controleur.php(56): App\Models\Modele->getBillets()
 3 APPPATH\Controllers\Controleur.php(33): App\Controllers\Controleur->accueil()
 4 SYSTEMPATH\CodeIgniter.php(915): App\Controllers\Controleur->index()
 5 SYSTEMPATH\CodeIgniter.php(492): CodeIgniter\CodeIgniter->runController(Object(App\Controllers\Controleur))
 6 SYSTEMPATH\CodeIgniter.php(353): CodeIgniter\CodeIgniter->handleRequest(null, Object(Config\Cache), false)
 7 FCPATH\index.php(79): CodeIgniter\CodeIgniter->run()
ERROR - 2024-09-12 12:41:31 --> mysqli_sql_exception: La table 'gsbv2.t_billet' n'existe pas in C:\wamp64\www\codeigniter4-v4.4.0\system\Database\MySQLi\Connection.php:306
Stack trace:
#0 C:\wamp64\www\codeigniter4-v4.4.0\system\Database\MySQLi\Connection.php(306): mysqli->query('select BIL_ID, ...', 0)
#1 C:\wamp64\www\codeigniter4-v4.4.0\system\Database\BaseConnection.php(692): CodeIgniter\Database\MySQLi\Connection->execute('select BIL_ID, ...')
#2 C:\wamp64\www\codeigniter4-v4.4.0\system\Database\BaseConnection.php(606): CodeIgniter\Database\BaseConnection->simpleQuery('select BIL_ID, ...')
#3 C:\wamp64\www\codeigniter4-v4.4.0\app\Models\Modele.php(64): CodeIgniter\Database\BaseConnection->query('select BIL_ID, ...')
#4 C:\wamp64\www\codeigniter4-v4.4.0\app\Controllers\Controleur.php(56): App\Models\Modele->getBillets()
#5 C:\wamp64\www\codeigniter4-v4.4.0\app\Controllers\Controleur.php(33): App\Controllers\Controleur->accueil()
#6 C:\wamp64\www\codeigniter4-v4.4.0\system\CodeIgniter.php(915): App\Controllers\Controleur->index()
#7 C:\wamp64\www\codeigniter4-v4.4.0\system\CodeIgniter.php(492): CodeIgniter\CodeIgniter->runController(Object(App\Controllers\Controleur))
#8 C:\wamp64\www\codeigniter4-v4.4.0\system\CodeIgniter.php(353): CodeIgniter\CodeIgniter->handleRequest(NULL, Object(Config\Cache), false)
#9 C:\wamp64\www\codeigniter4-v4.4.0\public\index.php(79): CodeIgniter\CodeIgniter->run()
#10 {main}
CRITICAL - 2024-09-12 12:41:31 --> La table 'gsbv2.t_billet' n'existe pas
in SYSTEMPATH\Database\BaseConnection.php on line 646.
 1 APPPATH\Models\Modele.php(64): CodeIgniter\Database\BaseConnection->query('select BIL_ID, BIL_TITRE, BIL_DATE from T_BILLET order by BIL_ID desc')
 2 APPPATH\Controllers\Controleur.php(56): App\Models\Modele->getBillets()
 3 APPPATH\Controllers\Controleur.php(33): App\Controllers\Controleur->accueil()
 4 SYSTEMPATH\CodeIgniter.php(915): App\Controllers\Controleur->index()
 5 SYSTEMPATH\CodeIgniter.php(492): CodeIgniter\CodeIgniter->runController(Object(App\Controllers\Controleur))
 6 SYSTEMPATH\CodeIgniter.php(353): CodeIgniter\CodeIgniter->handleRequest(null, Object(Config\Cache), false)
 7 FCPATH\index.php(79): CodeIgniter\CodeIgniter->run()
ERROR - 2024-09-12 12:41:31 --> mysqli_sql_exception: La table 'gsbv2.t_billet' n'existe pas in C:\wamp64\www\codeigniter4-v4.4.0\system\Database\MySQLi\Connection.php:306
Stack trace:
#0 C:\wamp64\www\codeigniter4-v4.4.0\system\Database\MySQLi\Connection.php(306): mysqli->query('select BIL_ID, ...', 0)
#1 C:\wamp64\www\codeigniter4-v4.4.0\system\Database\BaseConnection.php(692): CodeIgniter\Database\MySQLi\Connection->execute('select BIL_ID, ...')
#2 C:\wamp64\www\codeigniter4-v4.4.0\system\Database\BaseConnection.php(606): CodeIgniter\Database\BaseConnection->simpleQuery('select BIL_ID, ...')
#3 C:\wamp64\www\codeigniter4-v4.4.0\app\Models\Modele.php(64): CodeIgniter\Database\BaseConnection->query('select BIL_ID, ...')
#4 C:\wamp64\www\codeigniter4-v4.4.0\app\Controllers\Controleur.php(56): App\Models\Modele->getBillets()
#5 C:\wamp64\www\codeigniter4-v4.4.0\app\Controllers\Controleur.php(33): App\Controllers\Controleur->accueil()
#6 C:\wamp64\www\codeigniter4-v4.4.0\system\CodeIgniter.php(915): App\Controllers\Controleur->index()
#7 C:\wamp64\www\codeigniter4-v4.4.0\system\CodeIgniter.php(492): CodeIgniter\CodeIgniter->runController(Object(App\Controllers\Controleur))
#8 C:\wamp64\www\codeigniter4-v4.4.0\system\CodeIgniter.php(353): CodeIgniter\CodeIgniter->handleRequest(NULL, Object(Config\Cache), false)
#9 C:\wamp64\www\codeigniter4-v4.4.0\public\index.php(79): CodeIgniter\CodeIgniter->run()
#10 {main}
CRITICAL - 2024-09-12 12:41:31 --> La table 'gsbv2.t_billet' n'existe pas
in SYSTEMPATH\Database\BaseConnection.php on line 646.
 1 APPPATH\Models\Modele.php(64): CodeIgniter\Database\BaseConnection->query('select BIL_ID, BIL_TITRE, BIL_DATE from T_BILLET order by BIL_ID desc')
 2 APPPATH\Controllers\Controleur.php(56): App\Models\Modele->getBillets()
 3 APPPATH\Controllers\Controleur.php(33): App\Controllers\Controleur->accueil()
 4 SYSTEMPATH\CodeIgniter.php(915): App\Controllers\Controleur->index()
 5 SYSTEMPATH\CodeIgniter.php(492): CodeIgniter\CodeIgniter->runController(Object(App\Controllers\Controleur))
 6 SYSTEMPATH\CodeIgniter.php(353): CodeIgniter\CodeIgniter->handleRequest(null, Object(Config\Cache), false)
 7 FCPATH\index.php(79): CodeIgniter\CodeIgniter->run()
ERROR - 2024-09-12 12:41:32 --> mysqli_sql_exception: La table 'gsbv2.t_billet' n'existe pas in C:\wamp64\www\codeigniter4-v4.4.0\system\Database\MySQLi\Connection.php:306
Stack trace:
#0 C:\wamp64\www\codeigniter4-v4.4.0\system\Database\MySQLi\Connection.php(306): mysqli->query('select BIL_ID, ...', 0)
#1 C:\wamp64\www\codeigniter4-v4.4.0\system\Database\BaseConnection.php(692): CodeIgniter\Database\MySQLi\Connection->execute('select BIL_ID, ...')
#2 C:\wamp64\www\codeigniter4-v4.4.0\system\Database\BaseConnection.php(606): CodeIgniter\Database\BaseConnection->simpleQuery('select BIL_ID, ...')
#3 C:\wamp64\www\codeigniter4-v4.4.0\app\Models\Modele.php(64): CodeIgniter\Database\BaseConnection->query('select BIL_ID, ...')
#4 C:\wamp64\www\codeigniter4-v4.4.0\app\Controllers\Controleur.php(56): App\Models\Modele->getBillets()
#5 C:\wamp64\www\codeigniter4-v4.4.0\app\Controllers\Controleur.php(33): App\Controllers\Controleur->accueil()
#6 C:\wamp64\www\codeigniter4-v4.4.0\system\CodeIgniter.php(915): App\Controllers\Controleur->index()
#7 C:\wamp64\www\codeigniter4-v4.4.0\system\CodeIgniter.php(492): CodeIgniter\CodeIgniter->runController(Object(App\Controllers\Controleur))
#8 C:\wamp64\www\codeigniter4-v4.4.0\system\CodeIgniter.php(353): CodeIgniter\CodeIgniter->handleRequest(NULL, Object(Config\Cache), false)
#9 C:\wamp64\www\codeigniter4-v4.4.0\public\index.php(79): CodeIgniter\CodeIgniter->run()
#10 {main}
CRITICAL - 2024-09-12 12:41:32 --> La table 'gsbv2.t_billet' n'existe pas
in SYSTEMPATH\Database\BaseConnection.php on line 646.
 1 APPPATH\Models\Modele.php(64): CodeIgniter\Database\BaseConnection->query('select BIL_ID, BIL_TITRE, BIL_DATE from T_BILLET order by BIL_ID desc')
 2 APPPATH\Controllers\Controleur.php(56): App\Models\Modele->getBillets()
 3 APPPATH\Controllers\Controleur.php(33): App\Controllers\Controleur->accueil()
 4 SYSTEMPATH\CodeIgniter.php(915): App\Controllers\Controleur->index()
 5 SYSTEMPATH\CodeIgniter.php(492): CodeIgniter\CodeIgniter->runController(Object(App\Controllers\Controleur))
 6 SYSTEMPATH\CodeIgniter.php(353): CodeIgniter\CodeIgniter->handleRequest(null, Object(Config\Cache), false)
 7 FCPATH\index.php(79): CodeIgniter\CodeIgniter->run()
ERROR - 2024-09-12 12:41:32 --> mysqli_sql_exception: La table 'gsbv2.t_billet' n'existe pas in C:\wamp64\www\codeigniter4-v4.4.0\system\Database\MySQLi\Connection.php:306
Stack trace:
#0 C:\wamp64\www\codeigniter4-v4.4.0\system\Database\MySQLi\Connection.php(306): mysqli->query('select BIL_ID, ...', 0)
#1 C:\wamp64\www\codeigniter4-v4.4.0\system\Database\BaseConnection.php(692): CodeIgniter\Database\MySQLi\Connection->execute('select BIL_ID, ...')
#2 C:\wamp64\www\codeigniter4-v4.4.0\system\Database\BaseConnection.php(606): CodeIgniter\Database\BaseConnection->simpleQuery('select BIL_ID, ...')
#3 C:\wamp64\www\codeigniter4-v4.4.0\app\Models\Modele.php(64): CodeIgniter\Database\BaseConnection->query('select BIL_ID, ...')
#4 C:\wamp64\www\codeigniter4-v4.4.0\app\Controllers\Controleur.php(56): App\Models\Modele->getBillets()
#5 C:\wamp64\www\codeigniter4-v4.4.0\app\Controllers\Controleur.php(33): App\Controllers\Controleur->accueil()
#6 C:\wamp64\www\codeigniter4-v4.4.0\system\CodeIgniter.php(915): App\Controllers\Controleur->index()
#7 C:\wamp64\www\codeigniter4-v4.4.0\system\CodeIgniter.php(492): CodeIgniter\CodeIgniter->runController(Object(App\Controllers\Controleur))
#8 C:\wamp64\www\codeigniter4-v4.4.0\system\CodeIgniter.php(353): CodeIgniter\CodeIgniter->handleRequest(NULL, Object(Config\Cache), false)
#9 C:\wamp64\www\codeigniter4-v4.4.0\public\index.php(79): CodeIgniter\CodeIgniter->run()
#10 {main}
CRITICAL - 2024-09-12 12:41:32 --> La table 'gsbv2.t_billet' n'existe pas
in SYSTEMPATH\Database\BaseConnection.php on line 646.
 1 APPPATH\Models\Modele.php(64): CodeIgniter\Database\BaseConnection->query('select BIL_ID, BIL_TITRE, BIL_DATE from T_BILLET order by BIL_ID desc')
 2 APPPATH\Controllers\Controleur.php(56): App\Models\Modele->getBillets()
 3 APPPATH\Controllers\Controleur.php(33): App\Controllers\Controleur->accueil()
 4 SYSTEMPATH\CodeIgniter.php(915): App\Controllers\Controleur->index()
 5 SYSTEMPATH\CodeIgniter.php(492): CodeIgniter\CodeIgniter->runController(Object(App\Controllers\Controleur))
 6 SYSTEMPATH\CodeIgniter.php(353): CodeIgniter\CodeIgniter->handleRequest(null, Object(Config\Cache), false)
 7 FCPATH\index.php(79): CodeIgniter\CodeIgniter->run()
ERROR - 2024-09-12 12:41:33 --> mysqli_sql_exception: La table 'gsbv2.t_billet' n'existe pas in C:\wamp64\www\codeigniter4-v4.4.0\system\Database\MySQLi\Connection.php:306
Stack trace:
#0 C:\wamp64\www\codeigniter4-v4.4.0\system\Database\MySQLi\Connection.php(306): mysqli->query('select BIL_ID, ...', 0)
#1 C:\wamp64\www\codeigniter4-v4.4.0\system\Database\BaseConnection.php(692): CodeIgniter\Database\MySQLi\Connection->execute('select BIL_ID, ...')
#2 C:\wamp64\www\codeigniter4-v4.4.0\system\Database\BaseConnection.php(606): CodeIgniter\Database\BaseConnection->simpleQuery('select BIL_ID, ...')
#3 C:\wamp64\www\codeigniter4-v4.4.0\app\Models\Modele.php(64): CodeIgniter\Database\BaseConnection->query('select BIL_ID, ...')
#4 C:\wamp64\www\codeigniter4-v4.4.0\app\Controllers\Controleur.php(56): App\Models\Modele->getBillets()
#5 C:\wamp64\www\codeigniter4-v4.4.0\app\Controllers\Controleur.php(33): App\Controllers\Controleur->accueil()
#6 C:\wamp64\www\codeigniter4-v4.4.0\system\CodeIgniter.php(915): App\Controllers\Controleur->index()
#7 C:\wamp64\www\codeigniter4-v4.4.0\system\CodeIgniter.php(492): CodeIgniter\CodeIgniter->runController(Object(App\Controllers\Controleur))
#8 C:\wamp64\www\codeigniter4-v4.4.0\system\CodeIgniter.php(353): CodeIgniter\CodeIgniter->handleRequest(NULL, Object(Config\Cache), false)
#9 C:\wamp64\www\codeigniter4-v4.4.0\public\index.php(79): CodeIgniter\CodeIgniter->run()
#10 {main}
CRITICAL - 2024-09-12 12:41:33 --> La table 'gsbv2.t_billet' n'existe pas
in SYSTEMPATH\Database\BaseConnection.php on line 646.
 1 APPPATH\Models\Modele.php(64): CodeIgniter\Database\BaseConnection->query('select BIL_ID, BIL_TITRE, BIL_DATE from T_BILLET order by BIL_ID desc')
 2 APPPATH\Controllers\Controleur.php(56): App\Models\Modele->getBillets()
 3 APPPATH\Controllers\Controleur.php(33): App\Controllers\Controleur->accueil()
 4 SYSTEMPATH\CodeIgniter.php(915): App\Controllers\Controleur->index()
 5 SYSTEMPATH\CodeIgniter.php(492): CodeIgniter\CodeIgniter->runController(Object(App\Controllers\Controleur))
 6 SYSTEMPATH\CodeIgniter.php(353): CodeIgniter\CodeIgniter->handleRequest(null, Object(Config\Cache), false)
 7 FCPATH\index.php(79): CodeIgniter\CodeIgniter->run()
ERROR - 2024-09-12 12:41:34 --> mysqli_sql_exception: La table 'gsbv2.t_billet' n'existe pas in C:\wamp64\www\codeigniter4-v4.4.0\system\Database\MySQLi\Connection.php:306
Stack trace:
#0 C:\wamp64\www\codeigniter4-v4.4.0\system\Database\MySQLi\Connection.php(306): mysqli->query('select BIL_ID, ...', 0)
#1 C:\wamp64\www\codeigniter4-v4.4.0\system\Database\BaseConnection.php(692): CodeIgniter\Database\MySQLi\Connection->execute('select BIL_ID, ...')
#2 C:\wamp64\www\codeigniter4-v4.4.0\system\Database\BaseConnection.php(606): CodeIgniter\Database\BaseConnection->simpleQuery('select BIL_ID, ...')
#3 C:\wamp64\www\codeigniter4-v4.4.0\app\Models\Modele.php(64): CodeIgniter\Database\BaseConnection->query('select BIL_ID, ...')
#4 C:\wamp64\www\codeigniter4-v4.4.0\app\Controllers\Controleur.php(56): App\Models\Modele->getBillets()
#5 C:\wamp64\www\codeigniter4-v4.4.0\app\Controllers\Controleur.php(33): App\Controllers\Controleur->accueil()
#6 C:\wamp64\www\codeigniter4-v4.4.0\system\CodeIgniter.php(915): App\Controllers\Controleur->index()
#7 C:\wamp64\www\codeigniter4-v4.4.0\system\CodeIgniter.php(492): CodeIgniter\CodeIgniter->runController(Object(App\Controllers\Controleur))
#8 C:\wamp64\www\codeigniter4-v4.4.0\system\CodeIgniter.php(353): CodeIgniter\CodeIgniter->handleRequest(NULL, Object(Config\Cache), false)
#9 C:\wamp64\www\codeigniter4-v4.4.0\public\index.php(79): CodeIgniter\CodeIgniter->run()
#10 {main}
CRITICAL - 2024-09-12 12:41:34 --> La table 'gsbv2.t_billet' n'existe pas
in SYSTEMPATH\Database\BaseConnection.php on line 646.
 1 APPPATH\Models\Modele.php(64): CodeIgniter\Database\BaseConnection->query('select BIL_ID, BIL_TITRE, BIL_DATE from T_BILLET order by BIL_ID desc')
 2 APPPATH\Controllers\Controleur.php(56): App\Models\Modele->getBillets()
 3 APPPATH\Controllers\Controleur.php(33): App\Controllers\Controleur->accueil()
 4 SYSTEMPATH\CodeIgniter.php(915): App\Controllers\Controleur->index()
 5 SYSTEMPATH\CodeIgniter.php(492): CodeIgniter\CodeIgniter->runController(Object(App\Controllers\Controleur))
 6 SYSTEMPATH\CodeIgniter.php(353): CodeIgniter\CodeIgniter->handleRequest(null, Object(Config\Cache), false)
 7 FCPATH\index.php(79): CodeIgniter\CodeIgniter->run()
ERROR - 2024-09-12 12:41:34 --> mysqli_sql_exception: La table 'gsbv2.t_billet' n'existe pas in C:\wamp64\www\codeigniter4-v4.4.0\system\Database\MySQLi\Connection.php:306
Stack trace:
#0 C:\wamp64\www\codeigniter4-v4.4.0\system\Database\MySQLi\Connection.php(306): mysqli->query('select BIL_ID, ...', 0)
#1 C:\wamp64\www\codeigniter4-v4.4.0\system\Database\BaseConnection.php(692): CodeIgniter\Database\MySQLi\Connection->execute('select BIL_ID, ...')
#2 C:\wamp64\www\codeigniter4-v4.4.0\system\Database\BaseConnection.php(606): CodeIgniter\Database\BaseConnection->simpleQuery('select BIL_ID, ...')
#3 C:\wamp64\www\codeigniter4-v4.4.0\app\Models\Modele.php(64): CodeIgniter\Database\BaseConnection->query('select BIL_ID, ...')
#4 C:\wamp64\www\codeigniter4-v4.4.0\app\Controllers\Controleur.php(56): App\Models\Modele->getBillets()
#5 C:\wamp64\www\codeigniter4-v4.4.0\app\Controllers\Controleur.php(33): App\Controllers\Controleur->accueil()
#6 C:\wamp64\www\codeigniter4-v4.4.0\system\CodeIgniter.php(915): App\Controllers\Controleur->index()
#7 C:\wamp64\www\codeigniter4-v4.4.0\system\CodeIgniter.php(492): CodeIgniter\CodeIgniter->runController(Object(App\Controllers\Controleur))
#8 C:\wamp64\www\codeigniter4-v4.4.0\system\CodeIgniter.php(353): CodeIgniter\CodeIgniter->handleRequest(NULL, Object(Config\Cache), false)
#9 C:\wamp64\www\codeigniter4-v4.4.0\public\index.php(79): CodeIgniter\CodeIgniter->run()
#10 {main}
CRITICAL - 2024-09-12 12:41:34 --> La table 'gsbv2.t_billet' n'existe pas
in SYSTEMPATH\Database\BaseConnection.php on line 646.
 1 APPPATH\Models\Modele.php(64): CodeIgniter\Database\BaseConnection->query('select BIL_ID, BIL_TITRE, BIL_DATE from T_BILLET order by BIL_ID desc')
 2 APPPATH\Controllers\Controleur.php(56): App\Models\Modele->getBillets()
 3 APPPATH\Controllers\Controleur.php(33): App\Controllers\Controleur->accueil()
 4 SYSTEMPATH\CodeIgniter.php(915): App\Controllers\Controleur->index()
 5 SYSTEMPATH\CodeIgniter.php(492): CodeIgniter\CodeIgniter->runController(Object(App\Controllers\Controleur))
 6 SYSTEMPATH\CodeIgniter.php(353): CodeIgniter\CodeIgniter->handleRequest(null, Object(Config\Cache), false)
 7 FCPATH\index.php(79): CodeIgniter\CodeIgniter->run()
ERROR - 2024-09-12 12:41:34 --> mysqli_sql_exception: La table 'gsbv2.t_billet' n'existe pas in C:\wamp64\www\codeigniter4-v4.4.0\system\Database\MySQLi\Connection.php:306
Stack trace:
#0 C:\wamp64\www\codeigniter4-v4.4.0\system\Database\MySQLi\Connection.php(306): mysqli->query('select BIL_ID, ...', 0)
#1 C:\wamp64\www\codeigniter4-v4.4.0\system\Database\BaseConnection.php(692): CodeIgniter\Database\MySQLi\Connection->execute('select BIL_ID, ...')
#2 C:\wamp64\www\codeigniter4-v4.4.0\system\Database\BaseConnection.php(606): CodeIgniter\Database\BaseConnection->simpleQuery('select BIL_ID, ...')
#3 C:\wamp64\www\codeigniter4-v4.4.0\app\Models\Modele.php(64): CodeIgniter\Database\BaseConnection->query('select BIL_ID, ...')
#4 C:\wamp64\www\codeigniter4-v4.4.0\app\Controllers\Controleur.php(56): App\Models\Modele->getBillets()
#5 C:\wamp64\www\codeigniter4-v4.4.0\app\Controllers\Controleur.php(33): App\Controllers\Controleur->accueil()
#6 C:\wamp64\www\codeigniter4-v4.4.0\system\CodeIgniter.php(915): App\Controllers\Controleur->index()
#7 C:\wamp64\www\codeigniter4-v4.4.0\system\CodeIgniter.php(492): CodeIgniter\CodeIgniter->runController(Object(App\Controllers\Controleur))
#8 C:\wamp64\www\codeigniter4-v4.4.0\system\CodeIgniter.php(353): CodeIgniter\CodeIgniter->handleRequest(NULL, Object(Config\Cache), false)
#9 C:\wamp64\www\codeigniter4-v4.4.0\public\index.php(79): CodeIgniter\CodeIgniter->run()
#10 {main}
CRITICAL - 2024-09-12 12:41:34 --> La table 'gsbv2.t_billet' n'existe pas
in SYSTEMPATH\Database\BaseConnection.php on line 646.
 1 APPPATH\Models\Modele.php(64): CodeIgniter\Database\BaseConnection->query('select BIL_ID, BIL_TITRE, BIL_DATE from T_BILLET order by BIL_ID desc')
 2 APPPATH\Controllers\Controleur.php(56): App\Models\Modele->getBillets()
 3 APPPATH\Controllers\Controleur.php(33): App\Controllers\Controleur->accueil()
 4 SYSTEMPATH\CodeIgniter.php(915): App\Controllers\Controleur->index()
 5 SYSTEMPATH\CodeIgniter.php(492): CodeIgniter\CodeIgniter->runController(Object(App\Controllers\Controleur))
 6 SYSTEMPATH\CodeIgniter.php(353): CodeIgniter\CodeIgniter->handleRequest(null, Object(Config\Cache), false)
 7 FCPATH\index.php(79): CodeIgniter\CodeIgniter->run()
ERROR - 2024-09-12 12:43:32 --> mysqli_sql_exception: La table 'gsbv2.t_billet' n'existe pas in C:\wamp64\www\codeigniter4-v4.4.0\system\Database\MySQLi\Connection.php:306
Stack trace:
#0 C:\wamp64\www\codeigniter4-v4.4.0\system\Database\MySQLi\Connection.php(306): mysqli->query('select BIL_ID, ...', 0)
#1 C:\wamp64\www\codeigniter4-v4.4.0\system\Database\BaseConnection.php(692): CodeIgniter\Database\MySQLi\Connection->execute('select BIL_ID, ...')
#2 C:\wamp64\www\codeigniter4-v4.4.0\system\Database\BaseConnection.php(606): CodeIgniter\Database\BaseConnection->simpleQuery('select BIL_ID, ...')
#3 C:\wamp64\www\codeigniter4-v4.4.0\app\Models\Modele.php(64): CodeIgniter\Database\BaseConnection->query('select BIL_ID, ...')
#4 C:\wamp64\www\codeigniter4-v4.4.0\app\Controllers\Controleur.php(56): App\Models\Modele->getBillets()
#5 C:\wamp64\www\codeigniter4-v4.4.0\app\Controllers\Controleur.php(33): App\Controllers\Controleur->accueil()
#6 C:\wamp64\www\codeigniter4-v4.4.0\system\CodeIgniter.php(915): App\Controllers\Controleur->index()
#7 C:\wamp64\www\codeigniter4-v4.4.0\system\CodeIgniter.php(492): CodeIgniter\CodeIgniter->runController(Object(App\Controllers\Controleur))
#8 C:\wamp64\www\codeigniter4-v4.4.0\system\CodeIgniter.php(353): CodeIgniter\CodeIgniter->handleRequest(NULL, Object(Config\Cache), false)
#9 C:\wamp64\www\codeigniter4-v4.4.0\public\index.php(79): CodeIgniter\CodeIgniter->run()
#10 {main}
CRITICAL - 2024-09-12 12:43:32 --> La table 'gsbv2.t_billet' n'existe pas
in SYSTEMPATH\Database\BaseConnection.php on line 646.
 1 APPPATH\Models\Modele.php(64): CodeIgniter\Database\BaseConnection->query('select BIL_ID, BIL_TITRE, BIL_DATE from T_BILLET order by BIL_ID desc')
 2 APPPATH\Controllers\Controleur.php(56): App\Models\Modele->getBillets()
 3 APPPATH\Controllers\Controleur.php(33): App\Controllers\Controleur->accueil()
 4 SYSTEMPATH\CodeIgniter.php(915): App\Controllers\Controleur->index()
 5 SYSTEMPATH\CodeIgniter.php(492): CodeIgniter\CodeIgniter->runController(Object(App\Controllers\Controleur))
 6 SYSTEMPATH\CodeIgniter.php(353): CodeIgniter\CodeIgniter->handleRequest(null, Object(Config\Cache), false)
 7 FCPATH\index.php(79): CodeIgniter\CodeIgniter->run()
ERROR - 2024-09-12 12:43:33 --> mysqli_sql_exception: La table 'gsbv2.t_billet' n'existe pas in C:\wamp64\www\codeigniter4-v4.4.0\system\Database\MySQLi\Connection.php:306
Stack trace:
#0 C:\wamp64\www\codeigniter4-v4.4.0\system\Database\MySQLi\Connection.php(306): mysqli->query('select BIL_ID, ...', 0)
#1 C:\wamp64\www\codeigniter4-v4.4.0\system\Database\BaseConnection.php(692): CodeIgniter\Database\MySQLi\Connection->execute('select BIL_ID, ...')
#2 C:\wamp64\www\codeigniter4-v4.4.0\system\Database\BaseConnection.php(606): CodeIgniter\Database\BaseConnection->simpleQuery('select BIL_ID, ...')
#3 C:\wamp64\www\codeigniter4-v4.4.0\app\Models\Modele.php(64): CodeIgniter\Database\BaseConnection->query('select BIL_ID, ...')
#4 C:\wamp64\www\codeigniter4-v4.4.0\app\Controllers\Controleur.php(56): App\Models\Modele->getBillets()
#5 C:\wamp64\www\codeigniter4-v4.4.0\app\Controllers\Controleur.php(33): App\Controllers\Controleur->accueil()
#6 C:\wamp64\www\codeigniter4-v4.4.0\system\CodeIgniter.php(915): App\Controllers\Controleur->index()
#7 C:\wamp64\www\codeigniter4-v4.4.0\system\CodeIgniter.php(492): CodeIgniter\CodeIgniter->runController(Object(App\Controllers\Controleur))
#8 C:\wamp64\www\codeigniter4-v4.4.0\system\CodeIgniter.php(353): CodeIgniter\CodeIgniter->handleRequest(NULL, Object(Config\Cache), false)
#9 C:\wamp64\www\codeigniter4-v4.4.0\public\index.php(79): CodeIgniter\CodeIgniter->run()
#10 {main}
CRITICAL - 2024-09-12 12:43:33 --> La table 'gsbv2.t_billet' n'existe pas
in SYSTEMPATH\Database\BaseConnection.php on line 646.
 1 APPPATH\Models\Modele.php(64): CodeIgniter\Database\BaseConnection->query('select BIL_ID, BIL_TITRE, BIL_DATE from T_BILLET order by BIL_ID desc')
 2 APPPATH\Controllers\Controleur.php(56): App\Models\Modele->getBillets()
 3 APPPATH\Controllers\Controleur.php(33): App\Controllers\Controleur->accueil()
 4 SYSTEMPATH\CodeIgniter.php(915): App\Controllers\Controleur->index()
 5 SYSTEMPATH\CodeIgniter.php(492): CodeIgniter\CodeIgniter->runController(Object(App\Controllers\Controleur))
 6 SYSTEMPATH\CodeIgniter.php(353): CodeIgniter\CodeIgniter->handleRequest(null, Object(Config\Cache), false)
 7 FCPATH\index.php(79): CodeIgniter\CodeIgniter->run()
ERROR - 2024-09-12 12:43:35 --> mysqli_sql_exception: La table 'gsbv2.t_billet' n'existe pas in C:\wamp64\www\codeigniter4-v4.4.0\system\Database\MySQLi\Connection.php:306
Stack trace:
#0 C:\wamp64\www\codeigniter4-v4.4.0\system\Database\MySQLi\Connection.php(306): mysqli->query('select BIL_ID, ...', 0)
#1 C:\wamp64\www\codeigniter4-v4.4.0\system\Database\BaseConnection.php(692): CodeIgniter\Database\MySQLi\Connection->execute('select BIL_ID, ...')
#2 C:\wamp64\www\codeigniter4-v4.4.0\system\Database\BaseConnection.php(606): CodeIgniter\Database\BaseConnection->simpleQuery('select BIL_ID, ...')
#3 C:\wamp64\www\codeigniter4-v4.4.0\app\Models\Modele.php(64): CodeIgniter\Database\BaseConnection->query('select BIL_ID, ...')
#4 C:\wamp64\www\codeigniter4-v4.4.0\app\Controllers\Controleur.php(56): App\Models\Modele->getBillets()
#5 C:\wamp64\www\codeigniter4-v4.4.0\app\Controllers\Controleur.php(33): App\Controllers\Controleur->accueil()
#6 C:\wamp64\www\codeigniter4-v4.4.0\system\CodeIgniter.php(915): App\Controllers\Controleur->index()
#7 C:\wamp64\www\codeigniter4-v4.4.0\system\CodeIgniter.php(492): CodeIgniter\CodeIgniter->runController(Object(App\Controllers\Controleur))
#8 C:\wamp64\www\codeigniter4-v4.4.0\system\CodeIgniter.php(353): CodeIgniter\CodeIgniter->handleRequest(NULL, Object(Config\Cache), false)
#9 C:\wamp64\www\codeigniter4-v4.4.0\public\index.php(79): CodeIgniter\CodeIgniter->run()
#10 {main}
CRITICAL - 2024-09-12 12:43:35 --> La table 'gsbv2.t_billet' n'existe pas
in SYSTEMPATH\Database\BaseConnection.php on line 646.
 1 APPPATH\Models\Modele.php(64): CodeIgniter\Database\BaseConnection->query('select BIL_ID, BIL_TITRE, BIL_DATE from T_BILLET order by BIL_ID desc')
 2 APPPATH\Controllers\Controleur.php(56): App\Models\Modele->getBillets()
 3 APPPATH\Controllers\Controleur.php(33): App\Controllers\Controleur->accueil()
 4 SYSTEMPATH\CodeIgniter.php(915): App\Controllers\Controleur->index()
 5 SYSTEMPATH\CodeIgniter.php(492): CodeIgniter\CodeIgniter->runController(Object(App\Controllers\Controleur))
 6 SYSTEMPATH\CodeIgniter.php(353): CodeIgniter\CodeIgniter->handleRequest(null, Object(Config\Cache), false)
 7 FCPATH\index.php(79): CodeIgniter\CodeIgniter->run()
ERROR - 2024-09-12 12:43:35 --> mysqli_sql_exception: La table 'gsbv2.t_billet' n'existe pas in C:\wamp64\www\codeigniter4-v4.4.0\system\Database\MySQLi\Connection.php:306
Stack trace:
#0 C:\wamp64\www\codeigniter4-v4.4.0\system\Database\MySQLi\Connection.php(306): mysqli->query('select BIL_ID, ...', 0)
#1 C:\wamp64\www\codeigniter4-v4.4.0\system\Database\BaseConnection.php(692): CodeIgniter\Database\MySQLi\Connection->execute('select BIL_ID, ...')
#2 C:\wamp64\www\codeigniter4-v4.4.0\system\Database\BaseConnection.php(606): CodeIgniter\Database\BaseConnection->simpleQuery('select BIL_ID, ...')
#3 C:\wamp64\www\codeigniter4-v4.4.0\app\Models\Modele.php(64): CodeIgniter\Database\BaseConnection->query('select BIL_ID, ...')
#4 C:\wamp64\www\codeigniter4-v4.4.0\app\Controllers\Controleur.php(56): App\Models\Modele->getBillets()
#5 C:\wamp64\www\codeigniter4-v4.4.0\app\Controllers\Controleur.php(33): App\Controllers\Controleur->accueil()
#6 C:\wamp64\www\codeigniter4-v4.4.0\system\CodeIgniter.php(915): App\Controllers\Controleur->index()
#7 C:\wamp64\www\codeigniter4-v4.4.0\system\CodeIgniter.php(492): CodeIgniter\CodeIgniter->runController(Object(App\Controllers\Controleur))
#8 C:\wamp64\www\codeigniter4-v4.4.0\system\CodeIgniter.php(353): CodeIgniter\CodeIgniter->handleRequest(NULL, Object(Config\Cache), false)
#9 C:\wamp64\www\codeigniter4-v4.4.0\public\index.php(79): CodeIgniter\CodeIgniter->run()
#10 {main}
CRITICAL - 2024-09-12 12:43:35 --> La table 'gsbv2.t_billet' n'existe pas
in SYSTEMPATH\Database\BaseConnection.php on line 646.
 1 APPPATH\Models\Modele.php(64): CodeIgniter\Database\BaseConnection->query('select BIL_ID, BIL_TITRE, BIL_DATE from T_BILLET order by BIL_ID desc')
 2 APPPATH\Controllers\Controleur.php(56): App\Models\Modele->getBillets()
 3 APPPATH\Controllers\Controleur.php(33): App\Controllers\Controleur->accueil()
 4 SYSTEMPATH\CodeIgniter.php(915): App\Controllers\Controleur->index()
 5 SYSTEMPATH\CodeIgniter.php(492): CodeIgniter\CodeIgniter->runController(Object(App\Controllers\Controleur))
 6 SYSTEMPATH\CodeIgniter.php(353): CodeIgniter\CodeIgniter->handleRequest(null, Object(Config\Cache), false)
 7 FCPATH\index.php(79): CodeIgniter\CodeIgniter->run()
ERROR - 2024-09-12 12:43:35 --> mysqli_sql_exception: La table 'gsbv2.t_billet' n'existe pas in C:\wamp64\www\codeigniter4-v4.4.0\system\Database\MySQLi\Connection.php:306
Stack trace:
#0 C:\wamp64\www\codeigniter4-v4.4.0\system\Database\MySQLi\Connection.php(306): mysqli->query('select BIL_ID, ...', 0)
#1 C:\wamp64\www\codeigniter4-v4.4.0\system\Database\BaseConnection.php(692): CodeIgniter\Database\MySQLi\Connection->execute('select BIL_ID, ...')
#2 C:\wamp64\www\codeigniter4-v4.4.0\system\Database\BaseConnection.php(606): CodeIgniter\Database\BaseConnection->simpleQuery('select BIL_ID, ...')
#3 C:\wamp64\www\codeigniter4-v4.4.0\app\Models\Modele.php(64): CodeIgniter\Database\BaseConnection->query('select BIL_ID, ...')
#4 C:\wamp64\www\codeigniter4-v4.4.0\app\Controllers\Controleur.php(56): App\Models\Modele->getBillets()
#5 C:\wamp64\www\codeigniter4-v4.4.0\app\Controllers\Controleur.php(33): App\Controllers\Controleur->accueil()
#6 C:\wamp64\www\codeigniter4-v4.4.0\system\CodeIgniter.php(915): App\Controllers\Controleur->index()
#7 C:\wamp64\www\codeigniter4-v4.4.0\system\CodeIgniter.php(492): CodeIgniter\CodeIgniter->runController(Object(App\Controllers\Controleur))
#8 C:\wamp64\www\codeigniter4-v4.4.0\system\CodeIgniter.php(353): CodeIgniter\CodeIgniter->handleRequest(NULL, Object(Config\Cache), false)
#9 C:\wamp64\www\codeigniter4-v4.4.0\public\index.php(79): CodeIgniter\CodeIgniter->run()
#10 {main}
CRITICAL - 2024-09-12 12:43:35 --> La table 'gsbv2.t_billet' n'existe pas
in SYSTEMPATH\Database\BaseConnection.php on line 646.
 1 APPPATH\Models\Modele.php(64): CodeIgniter\Database\BaseConnection->query('select BIL_ID, BIL_TITRE, BIL_DATE from T_BILLET order by BIL_ID desc')
 2 APPPATH\Controllers\Controleur.php(56): App\Models\Modele->getBillets()
 3 APPPATH\Controllers\Controleur.php(33): App\Controllers\Controleur->accueil()
 4 SYSTEMPATH\CodeIgniter.php(915): App\Controllers\Controleur->index()
 5 SYSTEMPATH\CodeIgniter.php(492): CodeIgniter\CodeIgniter->runController(Object(App\Controllers\Controleur))
 6 SYSTEMPATH\CodeIgniter.php(353): CodeIgniter\CodeIgniter->handleRequest(null, Object(Config\Cache), false)
 7 FCPATH\index.php(79): CodeIgniter\CodeIgniter->run()
ERROR - 2024-09-12 12:43:35 --> mysqli_sql_exception: La table 'gsbv2.t_billet' n'existe pas in C:\wamp64\www\codeigniter4-v4.4.0\system\Database\MySQLi\Connection.php:306
Stack trace:
#0 C:\wamp64\www\codeigniter4-v4.4.0\system\Database\MySQLi\Connection.php(306): mysqli->query('select BIL_ID, ...', 0)
#1 C:\wamp64\www\codeigniter4-v4.4.0\system\Database\BaseConnection.php(692): CodeIgniter\Database\MySQLi\Connection->execute('select BIL_ID, ...')
#2 C:\wamp64\www\codeigniter4-v4.4.0\system\Database\BaseConnection.php(606): CodeIgniter\Database\BaseConnection->simpleQuery('select BIL_ID, ...')
#3 C:\wamp64\www\codeigniter4-v4.4.0\app\Models\Modele.php(64): CodeIgniter\Database\BaseConnection->query('select BIL_ID, ...')
#4 C:\wamp64\www\codeigniter4-v4.4.0\app\Controllers\Controleur.php(56): App\Models\Modele->getBillets()
#5 C:\wamp64\www\codeigniter4-v4.4.0\app\Controllers\Controleur.php(33): App\Controllers\Controleur->accueil()
#6 C:\wamp64\www\codeigniter4-v4.4.0\system\CodeIgniter.php(915): App\Controllers\Controleur->index()
#7 C:\wamp64\www\codeigniter4-v4.4.0\system\CodeIgniter.php(492): CodeIgniter\CodeIgniter->runController(Object(App\Controllers\Controleur))
#8 C:\wamp64\www\codeigniter4-v4.4.0\system\CodeIgniter.php(353): CodeIgniter\CodeIgniter->handleRequest(NULL, Object(Config\Cache), false)
#9 C:\wamp64\www\codeigniter4-v4.4.0\public\index.php(79): CodeIgniter\CodeIgniter->run()
#10 {main}
CRITICAL - 2024-09-12 12:43:35 --> La table 'gsbv2.t_billet' n'existe pas
in SYSTEMPATH\Database\BaseConnection.php on line 646.
 1 APPPATH\Models\Modele.php(64): CodeIgniter\Database\BaseConnection->query('select BIL_ID, BIL_TITRE, BIL_DATE from T_BILLET order by BIL_ID desc')
 2 APPPATH\Controllers\Controleur.php(56): App\Models\Modele->getBillets()
 3 APPPATH\Controllers\Controleur.php(33): App\Controllers\Controleur->accueil()
 4 SYSTEMPATH\CodeIgniter.php(915): App\Controllers\Controleur->index()
 5 SYSTEMPATH\CodeIgniter.php(492): CodeIgniter\CodeIgniter->runController(Object(App\Controllers\Controleur))
 6 SYSTEMPATH\CodeIgniter.php(353): CodeIgniter\CodeIgniter->handleRequest(null, Object(Config\Cache), false)
 7 FCPATH\index.php(79): CodeIgniter\CodeIgniter->run()
ERROR - 2024-09-12 12:43:35 --> mysqli_sql_exception: La table 'gsbv2.t_billet' n'existe pas in C:\wamp64\www\codeigniter4-v4.4.0\system\Database\MySQLi\Connection.php:306
Stack trace:
#0 C:\wamp64\www\codeigniter4-v4.4.0\system\Database\MySQLi\Connection.php(306): mysqli->query('select BIL_ID, ...', 0)
#1 C:\wamp64\www\codeigniter4-v4.4.0\system\Database\BaseConnection.php(692): CodeIgniter\Database\MySQLi\Connection->execute('select BIL_ID, ...')
#2 C:\wamp64\www\codeigniter4-v4.4.0\system\Database\BaseConnection.php(606): CodeIgniter\Database\BaseConnection->simpleQuery('select BIL_ID, ...')
#3 C:\wamp64\www\codeigniter4-v4.4.0\app\Models\Modele.php(64): CodeIgniter\Database\BaseConnection->query('select BIL_ID, ...')
#4 C:\wamp64\www\codeigniter4-v4.4.0\app\Controllers\Controleur.php(56): App\Models\Modele->getBillets()
#5 C:\wamp64\www\codeigniter4-v4.4.0\app\Controllers\Controleur.php(33): App\Controllers\Controleur->accueil()
#6 C:\wamp64\www\codeigniter4-v4.4.0\system\CodeIgniter.php(915): App\Controllers\Controleur->index()
#7 C:\wamp64\www\codeigniter4-v4.4.0\system\CodeIgniter.php(492): CodeIgniter\CodeIgniter->runController(Object(App\Controllers\Controleur))
#8 C:\wamp64\www\codeigniter4-v4.4.0\system\CodeIgniter.php(353): CodeIgniter\CodeIgniter->handleRequest(NULL, Object(Config\Cache), false)
#9 C:\wamp64\www\codeigniter4-v4.4.0\public\index.php(79): CodeIgniter\CodeIgniter->run()
#10 {main}
CRITICAL - 2024-09-12 12:43:35 --> La table 'gsbv2.t_billet' n'existe pas
in SYSTEMPATH\Database\BaseConnection.php on line 646.
 1 APPPATH\Models\Modele.php(64): CodeIgniter\Database\BaseConnection->query('select BIL_ID, BIL_TITRE, BIL_DATE from T_BILLET order by BIL_ID desc')
 2 APPPATH\Controllers\Controleur.php(56): App\Models\Modele->getBillets()
 3 APPPATH\Controllers\Controleur.php(33): App\Controllers\Controleur->accueil()
 4 SYSTEMPATH\CodeIgniter.php(915): App\Controllers\Controleur->index()
 5 SYSTEMPATH\CodeIgniter.php(492): CodeIgniter\CodeIgniter->runController(Object(App\Controllers\Controleur))
 6 SYSTEMPATH\CodeIgniter.php(353): CodeIgniter\CodeIgniter->handleRequest(null, Object(Config\Cache), false)
 7 FCPATH\index.php(79): CodeIgniter\CodeIgniter->run()
ERROR - 2024-09-12 12:43:35 --> mysqli_sql_exception: La table 'gsbv2.t_billet' n'existe pas in C:\wamp64\www\codeigniter4-v4.4.0\system\Database\MySQLi\Connection.php:306
Stack trace:
#0 C:\wamp64\www\codeigniter4-v4.4.0\system\Database\MySQLi\Connection.php(306): mysqli->query('select BIL_ID, ...', 0)
#1 C:\wamp64\www\codeigniter4-v4.4.0\system\Database\BaseConnection.php(692): CodeIgniter\Database\MySQLi\Connection->execute('select BIL_ID, ...')
#2 C:\wamp64\www\codeigniter4-v4.4.0\system\Database\BaseConnection.php(606): CodeIgniter\Database\BaseConnection->simpleQuery('select BIL_ID, ...')
#3 C:\wamp64\www\codeigniter4-v4.4.0\app\Models\Modele.php(64): CodeIgniter\Database\BaseConnection->query('select BIL_ID, ...')
#4 C:\wamp64\www\codeigniter4-v4.4.0\app\Controllers\Controleur.php(56): App\Models\Modele->getBillets()
#5 C:\wamp64\www\codeigniter4-v4.4.0\app\Controllers\Controleur.php(33): App\Controllers\Controleur->accueil()
#6 C:\wamp64\www\codeigniter4-v4.4.0\system\CodeIgniter.php(915): App\Controllers\Controleur->index()
#7 C:\wamp64\www\codeigniter4-v4.4.0\system\CodeIgniter.php(492): CodeIgniter\CodeIgniter->runController(Object(App\Controllers\Controleur))
#8 C:\wamp64\www\codeigniter4-v4.4.0\system\CodeIgniter.php(353): CodeIgniter\CodeIgniter->handleRequest(NULL, Object(Config\Cache), false)
#9 C:\wamp64\www\codeigniter4-v4.4.0\public\index.php(79): CodeIgniter\CodeIgniter->run()
#10 {main}
CRITICAL - 2024-09-12 12:43:35 --> La table 'gsbv2.t_billet' n'existe pas
in SYSTEMPATH\Database\BaseConnection.php on line 646.
 1 APPPATH\Models\Modele.php(64): CodeIgniter\Database\BaseConnection->query('select BIL_ID, BIL_TITRE, BIL_DATE from T_BILLET order by BIL_ID desc')
 2 APPPATH\Controllers\Controleur.php(56): App\Models\Modele->getBillets()
 3 APPPATH\Controllers\Controleur.php(33): App\Controllers\Controleur->accueil()
 4 SYSTEMPATH\CodeIgniter.php(915): App\Controllers\Controleur->index()
 5 SYSTEMPATH\CodeIgniter.php(492): CodeIgniter\CodeIgniter->runController(Object(App\Controllers\Controleur))
 6 SYSTEMPATH\CodeIgniter.php(353): CodeIgniter\CodeIgniter->handleRequest(null, Object(Config\Cache), false)
 7 FCPATH\index.php(79): CodeIgniter\CodeIgniter->run()
ERROR - 2024-09-12 12:43:36 --> mysqli_sql_exception: La table 'gsbv2.t_billet' n'existe pas in C:\wamp64\www\codeigniter4-v4.4.0\system\Database\MySQLi\Connection.php:306
Stack trace:
#0 C:\wamp64\www\codeigniter4-v4.4.0\system\Database\MySQLi\Connection.php(306): mysqli->query('select BIL_ID, ...', 0)
#1 C:\wamp64\www\codeigniter4-v4.4.0\system\Database\BaseConnection.php(692): CodeIgniter\Database\MySQLi\Connection->execute('select BIL_ID, ...')
#2 C:\wamp64\www\codeigniter4-v4.4.0\system\Database\BaseConnection.php(606): CodeIgniter\Database\BaseConnection->simpleQuery('select BIL_ID, ...')
#3 C:\wamp64\www\codeigniter4-v4.4.0\app\Models\Modele.php(64): CodeIgniter\Database\BaseConnection->query('select BIL_ID, ...')
#4 C:\wamp64\www\codeigniter4-v4.4.0\app\Controllers\Controleur.php(56): App\Models\Modele->getBillets()
#5 C:\wamp64\www\codeigniter4-v4.4.0\app\Controllers\Controleur.php(33): App\Controllers\Controleur->accueil()
#6 C:\wamp64\www\codeigniter4-v4.4.0\system\CodeIgniter.php(915): App\Controllers\Controleur->index()
#7 C:\wamp64\www\codeigniter4-v4.4.0\system\CodeIgniter.php(492): CodeIgniter\CodeIgniter->runController(Object(App\Controllers\Controleur))
#8 C:\wamp64\www\codeigniter4-v4.4.0\system\CodeIgniter.php(353): CodeIgniter\CodeIgniter->handleRequest(NULL, Object(Config\Cache), false)
#9 C:\wamp64\www\codeigniter4-v4.4.0\public\index.php(79): CodeIgniter\CodeIgniter->run()
#10 {main}
CRITICAL - 2024-09-12 12:43:36 --> La table 'gsbv2.t_billet' n'existe pas
in SYSTEMPATH\Database\BaseConnection.php on line 646.
 1 APPPATH\Models\Modele.php(64): CodeIgniter\Database\BaseConnection->query('select BIL_ID, BIL_TITRE, BIL_DATE from T_BILLET order by BIL_ID desc')
 2 APPPATH\Controllers\Controleur.php(56): App\Models\Modele->getBillets()
 3 APPPATH\Controllers\Controleur.php(33): App\Controllers\Controleur->accueil()
 4 SYSTEMPATH\CodeIgniter.php(915): App\Controllers\Controleur->index()
 5 SYSTEMPATH\CodeIgniter.php(492): CodeIgniter\CodeIgniter->runController(Object(App\Controllers\Controleur))
 6 SYSTEMPATH\CodeIgniter.php(353): CodeIgniter\CodeIgniter->handleRequest(null, Object(Config\Cache), false)
 7 FCPATH\index.php(79): CodeIgniter\CodeIgniter->run()
ERROR - 2024-09-12 12:43:36 --> mysqli_sql_exception: La table 'gsbv2.t_billet' n'existe pas in C:\wamp64\www\codeigniter4-v4.4.0\system\Database\MySQLi\Connection.php:306
Stack trace:
#0 C:\wamp64\www\codeigniter4-v4.4.0\system\Database\MySQLi\Connection.php(306): mysqli->query('select BIL_ID, ...', 0)
#1 C:\wamp64\www\codeigniter4-v4.4.0\system\Database\BaseConnection.php(692): CodeIgniter\Database\MySQLi\Connection->execute('select BIL_ID, ...')
#2 C:\wamp64\www\codeigniter4-v4.4.0\system\Database\BaseConnection.php(606): CodeIgniter\Database\BaseConnection->simpleQuery('select BIL_ID, ...')
#3 C:\wamp64\www\codeigniter4-v4.4.0\app\Models\Modele.php(64): CodeIgniter\Database\BaseConnection->query('select BIL_ID, ...')
#4 C:\wamp64\www\codeigniter4-v4.4.0\app\Controllers\Controleur.php(56): App\Models\Modele->getBillets()
#5 C:\wamp64\www\codeigniter4-v4.4.0\app\Controllers\Controleur.php(33): App\Controllers\Controleur->accueil()
#6 C:\wamp64\www\codeigniter4-v4.4.0\system\CodeIgniter.php(915): App\Controllers\Controleur->index()
#7 C:\wamp64\www\codeigniter4-v4.4.0\system\CodeIgniter.php(492): CodeIgniter\CodeIgniter->runController(Object(App\Controllers\Controleur))
#8 C:\wamp64\www\codeigniter4-v4.4.0\system\CodeIgniter.php(353): CodeIgniter\CodeIgniter->handleRequest(NULL, Object(Config\Cache), false)
#9 C:\wamp64\www\codeigniter4-v4.4.0\public\index.php(79): CodeIgniter\CodeIgniter->run()
#10 {main}
CRITICAL - 2024-09-12 12:43:36 --> La table 'gsbv2.t_billet' n'existe pas
in SYSTEMPATH\Database\BaseConnection.php on line 646.
 1 APPPATH\Models\Modele.php(64): CodeIgniter\Database\BaseConnection->query('select BIL_ID, BIL_TITRE, BIL_DATE from T_BILLET order by BIL_ID desc')
 2 APPPATH\Controllers\Controleur.php(56): App\Models\Modele->getBillets()
 3 APPPATH\Controllers\Controleur.php(33): App\Controllers\Controleur->accueil()
 4 SYSTEMPATH\CodeIgniter.php(915): App\Controllers\Controleur->index()
 5 SYSTEMPATH\CodeIgniter.php(492): CodeIgniter\CodeIgniter->runController(Object(App\Controllers\Controleur))
 6 SYSTEMPATH\CodeIgniter.php(353): CodeIgniter\CodeIgniter->handleRequest(null, Object(Config\Cache), false)
 7 FCPATH\index.php(79): CodeIgniter\CodeIgniter->run()
ERROR - 2024-09-12 12:43:36 --> mysqli_sql_exception: La table 'gsbv2.t_billet' n'existe pas in C:\wamp64\www\codeigniter4-v4.4.0\system\Database\MySQLi\Connection.php:306
Stack trace:
#0 C:\wamp64\www\codeigniter4-v4.4.0\system\Database\MySQLi\Connection.php(306): mysqli->query('select BIL_ID, ...', 0)
#1 C:\wamp64\www\codeigniter4-v4.4.0\system\Database\BaseConnection.php(692): CodeIgniter\Database\MySQLi\Connection->execute('select BIL_ID, ...')
#2 C:\wamp64\www\codeigniter4-v4.4.0\system\Database\BaseConnection.php(606): CodeIgniter\Database\BaseConnection->simpleQuery('select BIL_ID, ...')
#3 C:\wamp64\www\codeigniter4-v4.4.0\app\Models\Modele.php(64): CodeIgniter\Database\BaseConnection->query('select BIL_ID, ...')
#4 C:\wamp64\www\codeigniter4-v4.4.0\app\Controllers\Controleur.php(56): App\Models\Modele->getBillets()
#5 C:\wamp64\www\codeigniter4-v4.4.0\app\Controllers\Controleur.php(33): App\Controllers\Controleur->accueil()
#6 C:\wamp64\www\codeigniter4-v4.4.0\system\CodeIgniter.php(915): App\Controllers\Controleur->index()
#7 C:\wamp64\www\codeigniter4-v4.4.0\system\CodeIgniter.php(492): CodeIgniter\CodeIgniter->runController(Object(App\Controllers\Controleur))
#8 C:\wamp64\www\codeigniter4-v4.4.0\system\CodeIgniter.php(353): CodeIgniter\CodeIgniter->handleRequest(NULL, Object(Config\Cache), false)
#9 C:\wamp64\www\codeigniter4-v4.4.0\public\index.php(79): CodeIgniter\CodeIgniter->run()
#10 {main}
CRITICAL - 2024-09-12 12:43:36 --> La table 'gsbv2.t_billet' n'existe pas
in SYSTEMPATH\Database\BaseConnection.php on line 646.
 1 APPPATH\Models\Modele.php(64): CodeIgniter\Database\BaseConnection->query('select BIL_ID, BIL_TITRE, BIL_DATE from T_BILLET order by BIL_ID desc')
 2 APPPATH\Controllers\Controleur.php(56): App\Models\Modele->getBillets()
 3 APPPATH\Controllers\Controleur.php(33): App\Controllers\Controleur->accueil()
 4 SYSTEMPATH\CodeIgniter.php(915): App\Controllers\Controleur->index()
 5 SYSTEMPATH\CodeIgniter.php(492): CodeIgniter\CodeIgniter->runController(Object(App\Controllers\Controleur))
 6 SYSTEMPATH\CodeIgniter.php(353): CodeIgniter\CodeIgniter->handleRequest(null, Object(Config\Cache), false)
 7 FCPATH\index.php(79): CodeIgniter\CodeIgniter->run()
ERROR - 2024-09-12 13:13:08 --> mysqli_sql_exception: La table 'gsbv2.t_billet' n'existe pas in C:\wamp64\www\codeigniter4-v4.4.0\system\Database\MySQLi\Connection.php:306
Stack trace:
#0 C:\wamp64\www\codeigniter4-v4.4.0\system\Database\MySQLi\Connection.php(306): mysqli->query('select BIL_ID, ...', 0)
#1 C:\wamp64\www\codeigniter4-v4.4.0\system\Database\BaseConnection.php(692): CodeIgniter\Database\MySQLi\Connection->execute('select BIL_ID, ...')
#2 C:\wamp64\www\codeigniter4-v4.4.0\system\Database\BaseConnection.php(606): CodeIgniter\Database\BaseConnection->simpleQuery('select BIL_ID, ...')
#3 C:\wamp64\www\codeigniter4-v4.4.0\app\Models\Modele.php(64): CodeIgniter\Database\BaseConnection->query('select BIL_ID, ...')
#4 C:\wamp64\www\codeigniter4-v4.4.0\app\Controllers\Controleur.php(56): App\Models\Modele->getBillets()
#5 C:\wamp64\www\codeigniter4-v4.4.0\app\Controllers\Controleur.php(33): App\Controllers\Controleur->accueil()
#6 C:\wamp64\www\codeigniter4-v4.4.0\system\CodeIgniter.php(915): App\Controllers\Controleur->index()
#7 C:\wamp64\www\codeigniter4-v4.4.0\system\CodeIgniter.php(492): CodeIgniter\CodeIgniter->runController(Object(App\Controllers\Controleur))
#8 C:\wamp64\www\codeigniter4-v4.4.0\system\CodeIgniter.php(353): CodeIgniter\CodeIgniter->handleRequest(NULL, Object(Config\Cache), false)
#9 C:\wamp64\www\codeigniter4-v4.4.0\public\index.php(79): CodeIgniter\CodeIgniter->run()
#10 {main}
CRITICAL - 2024-09-12 13:13:08 --> La table 'gsbv2.t_billet' n'existe pas
in SYSTEMPATH\Database\BaseConnection.php on line 646.
 1 APPPATH\Models\Modele.php(64): CodeIgniter\Database\BaseConnection->query('select BIL_ID, BIL_TITRE, BIL_DATE from T_BILLET order by BIL_ID desc')
 2 APPPATH\Controllers\Controleur.php(56): App\Models\Modele->getBillets()
 3 APPPATH\Controllers\Controleur.php(33): App\Controllers\Controleur->accueil()
 4 SYSTEMPATH\CodeIgniter.php(915): App\Controllers\Controleur->index()
 5 SYSTEMPATH\CodeIgniter.php(492): CodeIgniter\CodeIgniter->runController(Object(App\Controllers\Controleur))
 6 SYSTEMPATH\CodeIgniter.php(353): CodeIgniter\CodeIgniter->handleRequest(null, Object(Config\Cache), false)
 7 FCPATH\index.php(79): CodeIgniter\CodeIgniter->run()
CRITICAL - 2024-09-12 13:14:22 --> syntax error, unexpected token "public", expecting end of file
in APPPATH\Controllers\Controleur.php on line 29.
 1 SYSTEMPATH\Autoloader\Autoloader.php(285): CodeIgniter\Autoloader\Autoloader->includeFile('C:\\wamp64\\www\\codeigniter4-v4.4.0\\app\\Controllers\\Controleur.php')
 2 SYSTEMPATH\Autoloader\Autoloader.php(263): CodeIgniter\Autoloader\Autoloader->loadInNamespace('App\\Controllers\\Controleur')
 3 [internal function]: CodeIgniter\Autoloader\Autoloader->loadClass('App\\Controllers\\Controleur')
 4 SYSTEMPATH\CodeIgniter.php(873): class_exists('\\App\\Controllers\\Controleur', true)
 5 SYSTEMPATH\CodeIgniter.php(479): CodeIgniter\CodeIgniter->startController()
 6 SYSTEMPATH\CodeIgniter.php(353): CodeIgniter\CodeIgniter->handleRequest(null, Object(Config\Cache), false)
 7 FCPATH\index.php(79): CodeIgniter\CodeIgniter->run()
ERROR - 2024-09-12 13:14:59 --> mysqli_sql_exception: La table 'gsbv2.t_billet' n'existe pas in C:\wamp64\www\codeigniter4-v4.4.0\system\Database\MySQLi\Connection.php:306
Stack trace:
#0 C:\wamp64\www\codeigniter4-v4.4.0\system\Database\MySQLi\Connection.php(306): mysqli->query('select BIL_ID, ...', 0)
#1 C:\wamp64\www\codeigniter4-v4.4.0\system\Database\BaseConnection.php(692): CodeIgniter\Database\MySQLi\Connection->execute('select BIL_ID, ...')
#2 C:\wamp64\www\codeigniter4-v4.4.0\system\Database\BaseConnection.php(606): CodeIgniter\Database\BaseConnection->simpleQuery('select BIL_ID, ...')
#3 C:\wamp64\www\codeigniter4-v4.4.0\app\Models\Modele.php(64): CodeIgniter\Database\BaseConnection->query('select BIL_ID, ...')
#4 C:\wamp64\www\codeigniter4-v4.4.0\app\Controllers\Controleur.php(38): App\Models\Modele->getBillets()
#5 C:\wamp64\www\codeigniter4-v4.4.0\app\Controllers\Controleur.php(19): App\Controllers\Controleur->accueil()
#6 C:\wamp64\www\codeigniter4-v4.4.0\system\CodeIgniter.php(915): App\Controllers\Controleur->index()
#7 C:\wamp64\www\codeigniter4-v4.4.0\system\CodeIgniter.php(492): CodeIgniter\CodeIgniter->runController(Object(App\Controllers\Controleur))
#8 C:\wamp64\www\codeigniter4-v4.4.0\system\CodeIgniter.php(353): CodeIgniter\CodeIgniter->handleRequest(NULL, Object(Config\Cache), false)
#9 C:\wamp64\www\codeigniter4-v4.4.0\public\index.php(79): CodeIgniter\CodeIgniter->run()
#10 {main}
CRITICAL - 2024-09-12 13:14:59 --> La table 'gsbv2.t_billet' n'existe pas
in SYSTEMPATH\Database\BaseConnection.php on line 646.
 1 APPPATH\Models\Modele.php(64): CodeIgniter\Database\BaseConnection->query('select BIL_ID, BIL_TITRE, BIL_DATE from T_BILLET order by BIL_ID desc')
 2 APPPATH\Controllers\Controleur.php(38): App\Models\Modele->getBillets()
 3 APPPATH\Controllers\Controleur.php(19): App\Controllers\Controleur->accueil()
 4 SYSTEMPATH\CodeIgniter.php(915): App\Controllers\Controleur->index()
 5 SYSTEMPATH\CodeIgniter.php(492): CodeIgniter\CodeIgniter->runController(Object(App\Controllers\Controleur))
 6 SYSTEMPATH\CodeIgniter.php(353): CodeIgniter\CodeIgniter->handleRequest(null, Object(Config\Cache), false)
 7 FCPATH\index.php(79): CodeIgniter\CodeIgniter->run()
ERROR - 2024-09-12 13:17:04 --> mysqli_sql_exception: La table 'gsbv2.t_billet' n'existe pas in C:\wamp64\www\codeigniter4-v4.4.0\system\Database\MySQLi\Connection.php:306
Stack trace:
#0 C:\wamp64\www\codeigniter4-v4.4.0\system\Database\MySQLi\Connection.php(306): mysqli->query('select BIL_ID, ...', 0)
#1 C:\wamp64\www\codeigniter4-v4.4.0\system\Database\BaseConnection.php(692): CodeIgniter\Database\MySQLi\Connection->execute('select BIL_ID, ...')
#2 C:\wamp64\www\codeigniter4-v4.4.0\system\Database\BaseConnection.php(606): CodeIgniter\Database\BaseConnection->simpleQuery('select BIL_ID, ...')
#3 C:\wamp64\www\codeigniter4-v4.4.0\app\Models\Modele.php(64): CodeIgniter\Database\BaseConnection->query('select BIL_ID, ...')
#4 C:\wamp64\www\codeigniter4-v4.4.0\app\Controllers\Controleur.php(38): App\Models\Modele->getBillets()
#5 C:\wamp64\www\codeigniter4-v4.4.0\app\Controllers\Controleur.php(19): App\Controllers\Controleur->accueil()
#6 C:\wamp64\www\codeigniter4-v4.4.0\system\CodeIgniter.php(915): App\Controllers\Controleur->index()
#7 C:\wamp64\www\codeigniter4-v4.4.0\system\CodeIgniter.php(492): CodeIgniter\CodeIgniter->runController(Object(App\Controllers\Controleur))
#8 C:\wamp64\www\codeigniter4-v4.4.0\system\CodeIgniter.php(353): CodeIgniter\CodeIgniter->handleRequest(NULL, Object(Config\Cache), false)
#9 C:\wamp64\www\codeigniter4-v4.4.0\public\index.php(79): CodeIgniter\CodeIgniter->run()
#10 {main}
CRITICAL - 2024-09-12 13:17:04 --> La table 'gsbv2.t_billet' n'existe pas
in SYSTEMPATH\Database\BaseConnection.php on line 646.
 1 APPPATH\Models\Modele.php(64): CodeIgniter\Database\BaseConnection->query('select BIL_ID, BIL_TITRE, BIL_DATE from T_BILLET order by BIL_ID desc')
 2 APPPATH\Controllers\Controleur.php(38): App\Models\Modele->getBillets()
 3 APPPATH\Controllers\Controleur.php(19): App\Controllers\Controleur->accueil()
 4 SYSTEMPATH\CodeIgniter.php(915): App\Controllers\Controleur->index()
 5 SYSTEMPATH\CodeIgniter.php(492): CodeIgniter\CodeIgniter->runController(Object(App\Controllers\Controleur))
 6 SYSTEMPATH\CodeIgniter.php(353): CodeIgniter\CodeIgniter->handleRequest(null, Object(Config\Cache), false)
 7 FCPATH\index.php(79): CodeIgniter\CodeIgniter->run()
ERROR - 2024-09-12 13:21:49 --> mysqli_sql_exception: La table 'gsbv2.t_billet' n'existe pas in C:\wamp64\www\codeigniter4-v4.4.0\system\Database\MySQLi\Connection.php:306
Stack trace:
#0 C:\wamp64\www\codeigniter4-v4.4.0\system\Database\MySQLi\Connection.php(306): mysqli->query('select BIL_ID, ...', 0)
#1 C:\wamp64\www\codeigniter4-v4.4.0\system\Database\BaseConnection.php(692): CodeIgniter\Database\MySQLi\Connection->execute('select BIL_ID, ...')
#2 C:\wamp64\www\codeigniter4-v4.4.0\system\Database\BaseConnection.php(606): CodeIgniter\Database\BaseConnection->simpleQuery('select BIL_ID, ...')
#3 C:\wamp64\www\codeigniter4-v4.4.0\app\Models\Modele.php(64): CodeIgniter\Database\BaseConnection->query('select BIL_ID, ...')
#4 C:\wamp64\www\codeigniter4-v4.4.0\app\Controllers\Controleur.php(38): App\Models\Modele->getBillets()
#5 C:\wamp64\www\codeigniter4-v4.4.0\app\Controllers\Controleur.php(19): App\Controllers\Controleur->accueil()
#6 C:\wamp64\www\codeigniter4-v4.4.0\system\CodeIgniter.php(915): App\Controllers\Controleur->index()
#7 C:\wamp64\www\codeigniter4-v4.4.0\system\CodeIgniter.php(492): CodeIgniter\CodeIgniter->runController(Object(App\Controllers\Controleur))
#8 C:\wamp64\www\codeigniter4-v4.4.0\system\CodeIgniter.php(353): CodeIgniter\CodeIgniter->handleRequest(NULL, Object(Config\Cache), false)
#9 C:\wamp64\www\codeigniter4-v4.4.0\public\index.php(79): CodeIgniter\CodeIgniter->run()
#10 {main}
CRITICAL - 2024-09-12 13:21:49 --> La table 'gsbv2.t_billet' n'existe pas
in SYSTEMPATH\Database\BaseConnection.php on line 646.
 1 APPPATH\Models\Modele.php(64): CodeIgniter\Database\BaseConnection->query('select BIL_ID, BIL_TITRE, BIL_DATE from T_BILLET order by BIL_ID desc')
 2 APPPATH\Controllers\Controleur.php(38): App\Models\Modele->getBillets()
 3 APPPATH\Controllers\Controleur.php(19): App\Controllers\Controleur->accueil()
 4 SYSTEMPATH\CodeIgniter.php(915): App\Controllers\Controleur->index()
 5 SYSTEMPATH\CodeIgniter.php(492): CodeIgniter\CodeIgniter->runController(Object(App\Controllers\Controleur))
 6 SYSTEMPATH\CodeIgniter.php(353): CodeIgniter\CodeIgniter->handleRequest(null, Object(Config\Cache), false)
 7 FCPATH\index.php(79): CodeIgniter\CodeIgniter->run()
ERROR - 2024-09-12 14:52:04 --> mysqli_sql_exception: La table 'gsbv2.t_billet' n'existe pas in C:\wamp64\www\codeigniter4-v4.4.0\system\Database\MySQLi\Connection.php:306
Stack trace:
#0 C:\wamp64\www\codeigniter4-v4.4.0\system\Database\MySQLi\Connection.php(306): mysqli->query('select BIL_ID, ...', 0)
#1 C:\wamp64\www\codeigniter4-v4.4.0\system\Database\BaseConnection.php(692): CodeIgniter\Database\MySQLi\Connection->execute('select BIL_ID, ...')
#2 C:\wamp64\www\codeigniter4-v4.4.0\system\Database\BaseConnection.php(606): CodeIgniter\Database\BaseConnection->simpleQuery('select BIL_ID, ...')
#3 C:\wamp64\www\codeigniter4-v4.4.0\app\Models\Modele.php(64): CodeIgniter\Database\BaseConnection->query('select BIL_ID, ...')
#4 C:\wamp64\www\codeigniter4-v4.4.0\app\Controllers\Controleur.php(38): App\Models\Modele->getBillets()
#5 C:\wamp64\www\codeigniter4-v4.4.0\app\Controllers\Controleur.php(19): App\Controllers\Controleur->accueil()
#6 C:\wamp64\www\codeigniter4-v4.4.0\system\CodeIgniter.php(915): App\Controllers\Controleur->index()
#7 C:\wamp64\www\codeigniter4-v4.4.0\system\CodeIgniter.php(492): CodeIgniter\CodeIgniter->runController(Object(App\Controllers\Controleur))
#8 C:\wamp64\www\codeigniter4-v4.4.0\system\CodeIgniter.php(353): CodeIgniter\CodeIgniter->handleRequest(NULL, Object(Config\Cache), false)
#9 C:\wamp64\www\codeigniter4-v4.4.0\public\index.php(79): CodeIgniter\CodeIgniter->run()
#10 {main}
CRITICAL - 2024-09-12 14:52:04 --> La table 'gsbv2.t_billet' n'existe pas
in SYSTEMPATH\Database\BaseConnection.php on line 646.
 1 APPPATH\Models\Modele.php(64): CodeIgniter\Database\BaseConnection->query('select BIL_ID, BIL_TITRE, BIL_DATE from T_BILLET order by BIL_ID desc')
 2 APPPATH\Controllers\Controleur.php(38): App\Models\Modele->getBillets()
 3 APPPATH\Controllers\Controleur.php(19): App\Controllers\Controleur->accueil()
 4 SYSTEMPATH\CodeIgniter.php(915): App\Controllers\Controleur->index()
 5 SYSTEMPATH\CodeIgniter.php(492): CodeIgniter\CodeIgniter->runController(Object(App\Controllers\Controleur))
 6 SYSTEMPATH\CodeIgniter.php(353): CodeIgniter\CodeIgniter->handleRequest(null, Object(Config\Cache), false)
 7 FCPATH\index.php(79): CodeIgniter\CodeIgniter->run()
